<?xml version="1.0" encoding="UTF-8"?>
<testng-results skipped="0" failed="0" total="1" passed="1">
  <reporter-output>
  </reporter-output>
  <suite name="Default suite" duration-ms="44" started-at="2019-05-03T09:36:06Z" finished-at="2019-05-03T09:36:06Z">
    <groups>
    </groups>
    <test name="Default test" duration-ms="44" started-at="2019-05-03T09:36:06Z" finished-at="2019-05-03T09:36:06Z">
      <class name="tests.DemoTest">
        <test-method status="PASS" signature="beforeMethod()[pri:0, instance:tests.DemoTest@735b5592]" name="beforeMethod" is-config="true" duration-ms="8" started-at="2019-05-03T15:06:06Z" finished-at="2019-05-03T15:06:06Z">
          <reporter-output>
          </reporter-output>
        </test-method> <!-- beforeMethod -->
        <test-method status="PASS" signature="newTest()[pri:0, instance:tests.DemoTest@735b5592]" name="newTest" duration-ms="8" started-at="2019-05-03T15:06:06Z" finished-at="2019-05-03T15:06:06Z">
          <reporter-output>
          </reporter-output>
        </test-method> <!-- newTest -->
        <test-method status="PASS" signature="afterMethod()[pri:0, instance:tests.DemoTest@735b5592]" name="afterMethod" is-config="true" duration-ms="0" started-at="2019-05-03T15:06:06Z" finished-at="2019-05-03T15:06:06Z">
          <reporter-output>
          </reporter-output>
        </test-method> <!-- afterMethod -->
      </class> <!-- tests.DemoTest -->
    </test> <!-- Default test -->
  </suite> <!-- Default suite -->
</testng-results>
